<?xml version="1.0" encoding="UTF-8"?>
<coverage generated="1662382662207" clover="3.2.0">
  <project timestamp="1662382662208" name="All files">
    <metrics statements="10" coveredstatements="10" conditionals="0" coveredconditionals="0" methods="5" coveredmethods="5" elements="15" coveredelements="15" complexity="0" loc="10" ncloc="10" packages="1" files="1" classes="1"/>
    <file name="translator.js" path="C:\Users\Michal\nology\morse-code-translator\translator.js">
      <metrics statements="10" coveredstatements="10" conditionals="0" coveredconditionals="0" methods="5" coveredmethods="5"/>
      <line num="1" count="1" type="stmt"/>
      <line num="52" count="1" type="stmt"/>
      <line num="53" count="4" type="stmt"/>
      <line num="54" count="4" type="stmt"/>
      <line num="56" count="4" type="stmt"/>
      <line num="57" count="35" type="stmt"/>
      <line num="64" count="1" type="stmt"/>
      <line num="65" count="4" type="stmt"/>
      <line num="67" count="4" type="stmt"/>
      <line num="68" count="1472" type="stmt"/>
    </file>
  </project>
</coverage>
