{"C:\\Users\\Michal\\nology\\morse-code-translator\\translator.js": {"path":"C:\\Users\\Michal\\nology\\morse-code-translator\\translator.js","statementMap":{"0":{"start":{"line":1,"column":18},"end":{"line":50,"column":1}},"1":{"start":{"line":56,"column":32},"end":{"line":67,"column":1}},"2":{"start":{"line":60,"column":29},"end":{"line":60,"column":62}},"3":{"start":{"line":61,"column":4},"end":{"line":61,"column":34}},"4":{"start":{"line":63,"column":4},"end":{"line":66,"column":15}},"5":{"start":{"line":64,"column":23},"end":{"line":64,"column":46}},"6":{"start":{"line":68,"column":34},"end":{"line":88,"column":1}},"7":{"start":{"line":70,"column":27},"end":{"line":70,"column":47}},"8":{"start":{"line":71,"column":4},"end":{"line":73,"column":18}},"9":{"start":{"line":72,"column":23},"end":{"line":72,"column":84}},"10":{"start":{"line":72,"column":58},"end":{"line":72,"column":83}}},"fnMap":{"0":{"name":"(anonymous_0)","decl":{"start":{"line":56,"column":32},"end":{"line":56,"column":33}},"loc":{"start":{"line":56,"column":47},"end":{"line":67,"column":1}},"line":56},"1":{"name":"(anonymous_1)","decl":{"start":{"line":64,"column":13},"end":{"line":64,"column":14}},"loc":{"start":{"line":64,"column":23},"end":{"line":64,"column":46}},"line":64},"2":{"name":"(anonymous_2)","decl":{"start":{"line":68,"column":34},"end":{"line":68,"column":35}},"loc":{"start":{"line":68,"column":49},"end":{"line":88,"column":1}},"line":68},"3":{"name":"(anonymous_3)","decl":{"start":{"line":72,"column":13},"end":{"line":72,"column":14}},"loc":{"start":{"line":72,"column":23},"end":{"line":72,"column":84}},"line":72},"4":{"name":"(anonymous_4)","decl":{"start":{"line":72,"column":51},"end":{"line":72,"column":52}},"loc":{"start":{"line":72,"column":58},"end":{"line":72,"column":83}},"line":72}},"branchMap":{},"s":{"0":1,"1":1,"2":4,"3":4,"4":4,"5":35,"6":1,"7":4,"8":4,"9":50,"10":1472},"f":{"0":4,"1":35,"2":4,"3":50,"4":1472},"b":{},"_coverageSchema":"1a1c01bbd47fc00a2c39e90264f33305004495a9","hash":"4a289b20494f02d6d7c6dc607baa0910d4d1ef5a"}
}
